{
  "stats": {
    "suites": 1,
    "tests": 6,
    "passes": 6,
    "pending": 0,
    "failures": 0,
    "start": "2025-07-30T08:00:16.893Z",
    "end": "2025-07-30T08:00:24.059Z",
    "duration": 7166,
    "testsRegistered": 6,
    "passPercent": 100,
    "pendingPercent": 0,
    "other": 0,
    "hasOther": false,
    "skipped": 0,
    "hasSkipped": false
  },
  "results": [
    {
      "uuid": "e3848719-4462-4ed1-9978-80b67caedc12",
      "title": "",
      "fullFile": "cypress\\e2e\\02Header.cy.ts",
      "file": "cypress\\e2e\\02Header.cy.ts",
      "beforeHooks": [],
      "afterHooks": [],
      "tests": [],
      "suites": [
        {
          "uuid": "31f382fe-ac76-4d45-8dc9-30a44d593871",
          "title": "Tests for header",
          "fullFile": "",
          "file": "",
          "beforeHooks": [],
          "afterHooks": [],
          "tests": [
            {
              "title": "TC-HEADER-102:Tests if Hamburger Icon is visible and working",
              "fullTitle": "Tests for header TC-HEADER-102:Tests if Hamburger Icon is visible and working",
              "timedOut": null,
              "duration": 1357,
              "state": "passed",
              "speed": "fast",
              "pass": true,
              "fail": false,
              "pending": false,
              "context": null,
              "code": "header.assertHamburgerIconToBeVisible();\nheader.clickHamburgerIcon();\nheader.assertSidebarOpens();",
              "err": {},
              "uuid": "3a891e41-f13a-45ae-afde-1b2bf8b3e963",
              "parentUUID": "31f382fe-ac76-4d45-8dc9-30a44d593871",
              "isHook": false,
              "skipped": false
            },
            {
              "title": "TC-HEADER-102:Tests if Sidebar Opens ",
              "fullTitle": "Tests for header TC-HEADER-102:Tests if Sidebar Opens ",
              "timedOut": null,
              "duration": 1160,
              "state": "passed",
              "speed": "fast",
              "pass": true,
              "fail": false,
              "pending": false,
              "context": null,
              "code": "header.clickHamburgerIcon();\nheader.assertSidebarOpens();",
              "err": {},
              "uuid": "7f7f3d9e-22ac-4f94-b0b1-cb1e5afe3b81",
              "parentUUID": "31f382fe-ac76-4d45-8dc9-30a44d593871",
              "isHook": false,
              "skipped": false
            },
            {
              "title": "TC-HEADER-103:Tests if Cart Icon is Visible ",
              "fullTitle": "Tests for header TC-HEADER-103:Tests if Cart Icon is Visible ",
              "timedOut": null,
              "duration": 907,
              "state": "passed",
              "speed": "fast",
              "pass": true,
              "fail": false,
              "pending": false,
              "context": null,
              "code": "header.assertCartIconisDisplayed();",
              "err": {},
              "uuid": "537430a0-6392-4128-9163-6fb25096d9b0",
              "parentUUID": "31f382fe-ac76-4d45-8dc9-30a44d593871",
              "isHook": false,
              "skipped": false
            },
            {
              "title": "TC-HEADER-104:Test if All Items link on Sidebar Works",
              "fullTitle": "Tests for header TC-HEADER-104:Test if All Items link on Sidebar Works",
              "timedOut": null,
              "duration": 1165,
              "state": "passed",
              "speed": "fast",
              "pass": true,
              "fail": false,
              "pending": false,
              "context": null,
              "code": "header.clickAProduct(\"#item_4_title_link\");\nheader.assertDisplayedText(\"#back-to-products\", \"Back to products\");\nheader.clickHamburgerIcon();\nheader.clickOnAllItems();\nheader.assertUrl(\"https://www.saucedemo.com/inventory.html\");",
              "err": {},
              "uuid": "da987e23-2de3-42cf-9c1d-296d5e3a298d",
              "parentUUID": "31f382fe-ac76-4d45-8dc9-30a44d593871",
              "isHook": false,
              "skipped": false
            },
            {
              "title": "TC-HEADER-105:Test if users can acces about page from side bar",
              "fullTitle": "Tests for header TC-HEADER-105:Test if users can acces about page from side bar",
              "timedOut": null,
              "duration": 1002,
              "state": "passed",
              "speed": "fast",
              "pass": true,
              "fail": false,
              "pending": false,
              "context": null,
              "code": "header.clickHamburgerIcon();\ncy.contains(\"About\")\n    .should(\"have.attr\", \"href\")\n    .and(\"include\", \"https://saucelabs.com/\");",
              "err": {},
              "uuid": "ea7efe6b-6c76-4df7-9f69-cb96a25eccb0",
              "parentUUID": "31f382fe-ac76-4d45-8dc9-30a44d593871",
              "isHook": false,
              "skipped": false
            },
            {
              "title": "TC-HEADER-106):Test if Logout Function Works",
              "fullTitle": "Tests for header TC-HEADER-106):Test if Logout Function Works",
              "timedOut": null,
              "duration": 1429,
              "state": "passed",
              "speed": "fast",
              "pass": true,
              "fail": false,
              "pending": false,
              "context": null,
              "code": "header.clickHamburgerIcon();\nheader.clickOnAnElement(\"#logout_sidebar_link\");\nheader.assertUrl(\"https://www.saucedemo.com/\");",
              "err": {},
              "uuid": "39f9861d-ae1f-4b0d-8586-2abae8b3b61c",
              "parentUUID": "31f382fe-ac76-4d45-8dc9-30a44d593871",
              "isHook": false,
              "skipped": false
            }
          ],
          "suites": [],
          "passes": [
            "3a891e41-f13a-45ae-afde-1b2bf8b3e963",
            "7f7f3d9e-22ac-4f94-b0b1-cb1e5afe3b81",
            "537430a0-6392-4128-9163-6fb25096d9b0",
            "da987e23-2de3-42cf-9c1d-296d5e3a298d",
            "ea7efe6b-6c76-4df7-9f69-cb96a25eccb0",
            "39f9861d-ae1f-4b0d-8586-2abae8b3b61c"
          ],
          "failures": [],
          "pending": [],
          "skipped": [],
          "duration": 7020,
          "root": false,
          "rootEmpty": false,
          "_timeout": 2000
        }
      ],
      "passes": [],
      "failures": [],
      "pending": [],
      "skipped": [],
      "duration": 0,
      "root": true,
      "rootEmpty": true,
      "_timeout": 2000
    }
  ],
  "meta": {
    "mocha": {
      "version": "7.2.0"
    },
    "mochawesome": {
      "options": {
        "quiet": false,
        "reportFilename": "mochawesome",
        "saveHtml": false,
        "saveJson": true,
        "consoleReporter": "spec",
        "useInlineDiffs": false,
        "code": true
      },
      "version": "7.1.3"
    },
    "marge": {
      "options": {
        "charts": true,
        "reportPageTitle": "Report for SauceDemo",
        "embeddedScreenshots": true,
        "inlineAssets": true,
        "saveAllAttempts": false,
        "overwrite": false,
        "html": false,
        "json": true,
        "reportDir": "cypress\\reports\\html\\.jsons"
      },
      "version": "6.2.0"
    }
  }
}