{
  "stats": {
    "suites": 1,
    "tests": 7,
    "passes": 6,
    "pending": 0,
    "failures": 1,
    "start": "2025-07-30T08:00:03.855Z",
    "end": "2025-07-30T08:00:14.759Z",
    "duration": 10904,
    "testsRegistered": 7,
    "passPercent": 85.71428571428571,
    "pendingPercent": 0,
    "other": 0,
    "hasOther": false,
    "skipped": 0,
    "hasSkipped": false
  },
  "results": [
    {
      "uuid": "4b7a58c2-ef63-414c-bc27-fc8a7d748e4e",
      "title": "",
      "fullFile": "cypress\\e2e\\01LoginTests.cy.ts",
      "file": "cypress\\e2e\\01LoginTests.cy.ts",
      "beforeHooks": [],
      "afterHooks": [],
      "tests": [],
      "suites": [
        {
          "uuid": "c1003cc7-75a4-48af-ae69-39ce3cf2bf7f",
          "title": "Test cases for login",
          "fullFile": "",
          "file": "",
          "beforeHooks": [],
          "afterHooks": [],
          "tests": [
            {
              "title": "TC-LOGIN-101:should login successfully with valid credentials",
              "fullTitle": "Test cases for login TC-LOGIN-101:should login successfully with valid credentials",
              "timedOut": null,
              "duration": 2850,
              "state": "passed",
              "speed": "fast",
              "pass": true,
              "fail": false,
              "pending": false,
              "context": null,
              "code": "loginPage.typeUsername(username);\nloginPage.typePassword(password);\nloginPage.clickLogin();\nloginPage.assertLoginSuccessful();",
              "err": {},
              "uuid": "a02529d8-56bf-4a0f-a75b-cb09018b0c48",
              "parentUUID": "c1003cc7-75a4-48af-ae69-39ce3cf2bf7f",
              "isHook": false,
              "skipped": false
            },
            {
              "title": "TC-LOGIN-102: test login with incorrect password",
              "fullTitle": "Test cases for login TC-LOGIN-102: test login with incorrect password",
              "timedOut": null,
              "duration": 1098,
              "state": "passed",
              "speed": "fast",
              "pass": true,
              "fail": false,
              "pending": false,
              "context": null,
              "code": "loginPage.typeUsername(username);\nloginPage.typePassword(this.user.password);\nloginPage.clickLogin();\nloginPage.assertDisplayedText('[data-test=\"error\"]', \"Epic sadface: Username and password do not match any user in this service\");\nloginPage.assertPageUrl(url);",
              "err": {},
              "uuid": "53f85b67-55ec-4adb-a2c4-341a3a276225",
              "parentUUID": "c1003cc7-75a4-48af-ae69-39ce3cf2bf7f",
              "isHook": false,
              "skipped": false
            },
            {
              "title": "TC-LOGIN-103: login with empty username and password",
              "fullTitle": "Test cases for login TC-LOGIN-103: login with empty username and password",
              "timedOut": null,
              "duration": 176,
              "state": "passed",
              "speed": "fast",
              "pass": true,
              "fail": false,
              "pending": false,
              "context": null,
              "code": "loginPage.typeUsername(\"\");\nloginPage.typePassword(\"\");\nloginPage.clickLogin();\nloginPage.assertDisplayedText('[data-test=\"error\"]', \"Epic sadface: Username is required\");",
              "err": {},
              "uuid": "d21d9156-49ac-4de2-a333-bffd8170e7da",
              "parentUUID": "c1003cc7-75a4-48af-ae69-39ce3cf2bf7f",
              "isHook": false,
              "skipped": false
            },
            {
              "title": "TC-LOGIN-104: login with invalid username and valid password",
              "fullTitle": "Test cases for login TC-LOGIN-104: login with invalid username and valid password",
              "timedOut": null,
              "duration": 916,
              "state": "passed",
              "speed": "fast",
              "pass": true,
              "fail": false,
              "pending": false,
              "context": null,
              "code": "cy.log(\"typing invalid username\");\nloginPage.typeUsername(this.user.username);\nloginPage.typePassword(password);\nloginPage.clickLogin();\nloginPage.assertDisplayedText('[data-test=\"error\"]', \"Epic sadface: Username and password do not match any user in this service\");\nloginPage.assertPageUrl(url);",
              "err": {},
              "uuid": "93619aad-8d99-4edc-af23-56622be74010",
              "parentUUID": "c1003cc7-75a4-48af-ae69-39ce3cf2bf7f",
              "isHook": false,
              "skipped": false
            },
            {
              "title": "TC-LOGIN-105: password field is masked",
              "fullTitle": "Test cases for login TC-LOGIN-105: password field is masked",
              "timedOut": null,
              "duration": 485,
              "state": "passed",
              "speed": "fast",
              "pass": true,
              "fail": false,
              "pending": false,
              "context": null,
              "code": "loginPage.typePassword(password).assertPasswordMasked();",
              "err": {},
              "uuid": "7c8dd880-fdc7-46ae-abed-247083956724",
              "parentUUID": "c1003cc7-75a4-48af-ae69-39ce3cf2bf7f",
              "isHook": false,
              "skipped": false
            },
            {
              "title": "TC-LOGIN-106:Test hide password button is available and working",
              "fullTitle": "Test cases for login TC-LOGIN-106:Test hide password button is available and working",
              "timedOut": null,
              "duration": 4225,
              "state": "failed",
              "speed": null,
              "pass": false,
              "fail": true,
              "pending": false,
              "context": "{\n  \"title\": \"cypress-mochawesome-reporter-screenshots\",\n  \"value\": [\n    [\n      \"\\\\01LoginTests.cy.ts\\\\Test cases for login -- TC-LOGIN-106Test hide password button is available and working (failed).png\"\n    ]\n  ]\n}",
              "code": "loginPage.clickHidePasswordButton();",
              "err": {
                "message": "AssertionError: Timed out retrying after 4000ms: Expected to find element: `[data-test=\"hide-password\"]`, but never found it.",
                "estack": "AssertionError: Timed out retrying after 4000ms: Expected to find element: `[data-test=\"hide-password\"]`, but never found it.\n    at __webpack_modules__../cypress/support/helpers/ClickHelpers.ts.ClickHelpers.clickButton (webpack:///./cypress/support/helpers/ClickHelpers.ts:4:14)\n    at __webpack_modules__../cypress/support/pages/LoginPage.ts.LoginPage.clickHidePasswordButton (webpack:///./cypress/support/pages/LoginPage.ts:45:22)\n    at Context.eval (webpack:///./cypress/e2e/01LoginTests.cy.ts:62:14)",
                "diff": null
              },
              "uuid": "7ff63a7a-fedc-4dbd-8a5f-cef483deff86",
              "parentUUID": "c1003cc7-75a4-48af-ae69-39ce3cf2bf7f",
              "isHook": false,
              "skipped": false
            },
            {
              "title": "TC-LOGIN-107: restricted users are denied access",
              "fullTitle": "Test cases for login TC-LOGIN-107: restricted users are denied access",
              "timedOut": null,
              "duration": 973,
              "state": "passed",
              "speed": "fast",
              "pass": true,
              "fail": false,
              "pending": false,
              "context": null,
              "code": "loginPage.typeUsername(locked_out_user);\nloginPage.typePassword(password);\nloginPage.clickLogin();\nloginPage.assertDisplayedText('[data-test=\"error\"]', \"Epic sadface: Sorry, this user has been locked out.\");",
              "err": {},
              "uuid": "721789ae-cace-4ddd-b9a9-7fddd8551a5e",
              "parentUUID": "c1003cc7-75a4-48af-ae69-39ce3cf2bf7f",
              "isHook": false,
              "skipped": false
            }
          ],
          "suites": [],
          "passes": [
            "a02529d8-56bf-4a0f-a75b-cb09018b0c48",
            "53f85b67-55ec-4adb-a2c4-341a3a276225",
            "d21d9156-49ac-4de2-a333-bffd8170e7da",
            "93619aad-8d99-4edc-af23-56622be74010",
            "7c8dd880-fdc7-46ae-abed-247083956724",
            "721789ae-cace-4ddd-b9a9-7fddd8551a5e"
          ],
          "failures": [
            "7ff63a7a-fedc-4dbd-8a5f-cef483deff86"
          ],
          "pending": [],
          "skipped": [],
          "duration": 10723,
          "root": false,
          "rootEmpty": false,
          "_timeout": 2000
        }
      ],
      "passes": [],
      "failures": [],
      "pending": [],
      "skipped": [],
      "duration": 0,
      "root": true,
      "rootEmpty": true,
      "_timeout": 2000
    }
  ],
  "meta": {
    "mocha": {
      "version": "7.2.0"
    },
    "mochawesome": {
      "options": {
        "quiet": false,
        "reportFilename": "mochawesome",
        "saveHtml": false,
        "saveJson": true,
        "consoleReporter": "spec",
        "useInlineDiffs": false,
        "code": true
      },
      "version": "7.1.3"
    },
    "marge": {
      "options": {
        "charts": true,
        "reportPageTitle": "Report for SauceDemo",
        "embeddedScreenshots": true,
        "inlineAssets": true,
        "saveAllAttempts": false,
        "overwrite": false,
        "html": false,
        "json": true,
        "reportDir": "cypress\\reports\\html\\.jsons"
      },
      "version": "6.2.0"
    }
  }
}